android/app/build/intermediates/manifest_merge_blame_file/debug/manifest-merger-blame-debug-report.txt
1<?xml version="1.0" encoding="utf-8"?>
2<manifest xmlns:android="http://schemas.android.com/apk/res/android"
3    package="com.absensi"
4    android:versionCode="1"
5    android:versionName="1.0" >
6
7    <uses-sdk
8        android:minSdkVersion="21"
9        android:targetSdkVersion="33" />
10
11    <uses-permission android:name="android.permission.SYSTEM_ALERT_WINDOW" />
11-->src/debug/AndroidManifest.xml:5:5-77
11-->src/debug/AndroidManifest.xml:5:22-75
12    <uses-permission android:name="android.permission.INTERNET" />
12-->src/main/AndroidManifest.xml:3:5-67
12-->src/main/AndroidManifest.xml:3:22-64
13    <uses-permission android:name="android.permission.CAMERA" />
13-->src/main/AndroidManifest.xml:4:1-61
13-->src/main/AndroidManifest.xml:4:18-58
14    <uses-permission android:name="android.permission.ACCESS_FINE_LOCATION" />
14-->src/main/AndroidManifest.xml:5:1-75
14-->src/main/AndroidManifest.xml:5:18-72
15    <uses-permission android:name="android.permission.ACCESS_COARSE_LOCATION" />
15-->src/main/AndroidManifest.xml:6:1-77
15-->src/main/AndroidManifest.xml:6:18-74
16    <uses-permission android:name="android.permission.READ_EXTERNAL_STORAGE" />
16-->src/main/AndroidManifest.xml:7:1-76
16-->src/main/AndroidManifest.xml:7:18-73
17    <uses-permission android:name="android.permission.WRITE_EXTERNAL_STORAGE" />
17-->src/main/AndroidManifest.xml:8:3-79
17-->src/main/AndroidManifest.xml:8:20-76
18    <uses-permission android:name="android.permission.ACCESS_WIFI_STATE" /> <!-- Required to access Google Play Licensing -->
18-->[com.facebook.flipper:flipper:0.125.0] AndroidManifest.xml:16:5-76
18-->[com.facebook.flipper:flipper:0.125.0] AndroidManifest.xml:16:22-73
19    <uses-permission android:name="com.android.vending.CHECK_LICENSE" />
19-->[:rn-fetch-blob] AndroidManifest.xml:10:5-73
19-->[:rn-fetch-blob] AndroidManifest.xml:10:22-70
20    <!--
21         Required to keep CPU alive while downloading files
22        (NOT to keep screen awake)
23    -->
24    <uses-permission android:name="android.permission.WAKE_LOCK" />
24-->[:rn-fetch-blob] AndroidManifest.xml:19:5-68
24-->[:rn-fetch-blob] AndroidManifest.xml:19:22-65
25    <!--
26         Required to poll the state of the network connection
27        and respond to changes
28    -->
29    <uses-permission android:name="android.permission.ACCESS_NETWORK_STATE" /> <!-- Required by older versions of Google Play services to create IID tokens -->
29-->[:rn-fetch-blob] AndroidManifest.xml:25:5-79
29-->[:rn-fetch-blob] AndroidManifest.xml:25:22-76
30    <uses-permission android:name="com.google.android.c2dm.permission.RECEIVE" />
30-->[com.google.android.gms:play-services-iid:17.0.0] AndroidManifest.xml:23:5-82
30-->[com.google.android.gms:play-services-iid:17.0.0] AndroidManifest.xml:23:22-79
31
32    <queries>
32-->[androidx.camera:camera-extensions:1.1.0-beta02] AndroidManifest.xml:24:5-28:15
33        <intent>
33-->[androidx.camera:camera-extensions:1.1.0-beta02] AndroidManifest.xml:25:9-27:18
34            <action android:name="androidx.camera.extensions.action.VENDOR_ACTION" />
34-->[androidx.camera:camera-extensions:1.1.0-beta02] AndroidManifest.xml:26:13-86
34-->[androidx.camera:camera-extensions:1.1.0-beta02] AndroidManifest.xml:26:21-83
35        </intent>
36    </queries>
37
38    <uses-permission android:name="com.google.android.finsky.permission.BIND_GET_INSTALL_REFERRER_SERVICE" />
38-->[com.android.installreferrer:installreferrer:1.1.2] AndroidManifest.xml:9:5-110
38-->[com.android.installreferrer:installreferrer:1.1.2] AndroidManifest.xml:9:22-107
39
40    <application
40-->src/main/AndroidManifest.xml:10:5-29:19
41        android:name="com.absensi.MainApplication"
41-->src/main/AndroidManifest.xml:11:7-38
42        android:allowBackup="false"
42-->src/main/AndroidManifest.xml:15:7-34
43        android:appComponentFactory="androidx.core.app.CoreComponentFactory"
43-->[androidx.core:core:1.7.0] AndroidManifest.xml:24:18-86
44        android:debuggable="true"
45        android:icon="@mipmap/ic_launcher"
45-->src/main/AndroidManifest.xml:13:7-41
46        android:label="@string/app_name"
46-->src/main/AndroidManifest.xml:12:7-39
47        android:roundIcon="@mipmap/ic_launcher_round"
47-->src/main/AndroidManifest.xml:14:7-52
48        android:theme="@style/AppTheme"
48-->src/main/AndroidManifest.xml:16:7-38
49        android:usesCleartextTraffic="true" >
49-->src/debug/AndroidManifest.xml:8:9-44
50        <activity
50-->src/debug/AndroidManifest.xml:11:9-111
51            android:name="com.facebook.react.devsupport.DevSettingsActivity"
51-->src/debug/AndroidManifest.xml:11:19-83
52            android:exported="false" />
52-->src/debug/AndroidManifest.xml:11:84-108
53        <activity
53-->src/main/AndroidManifest.xml:17:7-28:18
54            android:name="com.absensi.MainActivity"
54-->src/main/AndroidManifest.xml:18:9-37
55            android:configChanges="keyboard|keyboardHidden|orientation|screenLayout|screenSize|smallestScreenSize|uiMode"
55-->src/main/AndroidManifest.xml:20:9-118
56            android:exported="true"
56-->src/main/AndroidManifest.xml:23:9-32
57            android:label="@string/app_name"
57-->src/main/AndroidManifest.xml:19:9-41
58            android:launchMode="singleTask"
58-->src/main/AndroidManifest.xml:21:9-40
59            android:windowSoftInputMode="adjustResize" >
59-->src/main/AndroidManifest.xml:22:9-51
60            <intent-filter>
60-->src/main/AndroidManifest.xml:24:9-27:25
61                <action android:name="android.intent.action.MAIN" />
61-->src/main/AndroidManifest.xml:25:13-65
61-->src/main/AndroidManifest.xml:25:21-62
62
63                <category android:name="android.intent.category.LAUNCHER" />
63-->src/main/AndroidManifest.xml:26:13-73
63-->src/main/AndroidManifest.xml:26:23-70
64            </intent-filter>
65        </activity>
66
67        <provider
67-->[:rn-fetch-blob] AndroidManifest.xml:34:9-42:20
68            android:name="com.RNFetchBlob.Utils.FileProvider"
68-->[:rn-fetch-blob] AndroidManifest.xml:35:13-62
69            android:authorities="com.absensi.provider"
69-->[:rn-fetch-blob] AndroidManifest.xml:36:13-60
70            android:exported="false"
70-->[:rn-fetch-blob] AndroidManifest.xml:37:13-37
71            android:grantUriPermissions="true" >
71-->[:rn-fetch-blob] AndroidManifest.xml:38:13-47
72            <meta-data
72-->[:rn-fetch-blob] AndroidManifest.xml:39:13-41:58
73                android:name="android.support.FILE_PROVIDER_PATHS"
73-->[:rn-fetch-blob] AndroidManifest.xml:40:17-67
74                android:resource="@xml/provider_paths" />
74-->[:rn-fetch-blob] AndroidManifest.xml:41:17-55
75        </provider>
76
77        <activity
77-->[com.google.android.gms:play-services-base:18.0.1] AndroidManifest.xml:20:9-22:45
78            android:name="com.google.android.gms.common.api.GoogleApiActivity"
78-->[com.google.android.gms:play-services-base:18.0.1] AndroidManifest.xml:20:19-85
79            android:exported="false"
79-->[com.google.android.gms:play-services-base:18.0.1] AndroidManifest.xml:22:19-43
80            android:theme="@android:style/Theme.Translucent.NoTitleBar" />
80-->[com.google.android.gms:play-services-base:18.0.1] AndroidManifest.xml:21:19-78
81
82        <meta-data
82-->[com.google.android.gms:play-services-basement:18.0.0] AndroidManifest.xml:21:9-23:69
83            android:name="com.google.android.gms.version"
83-->[com.google.android.gms:play-services-basement:18.0.0] AndroidManifest.xml:22:13-58
84            android:value="@integer/google_play_services_version" />
84-->[com.google.android.gms:play-services-basement:18.0.0] AndroidManifest.xml:23:13-66
85
86        <provider
86-->[androidx.emoji2:emoji2:1.0.0] AndroidManifest.xml:26:9-34:20
87            android:name="androidx.startup.InitializationProvider"
87-->[androidx.emoji2:emoji2:1.0.0] AndroidManifest.xml:27:13-67
88            android:authorities="com.absensi.androidx-startup"
88-->[androidx.emoji2:emoji2:1.0.0] AndroidManifest.xml:28:13-68
89            android:exported="false" >
89-->[androidx.emoji2:emoji2:1.0.0] AndroidManifest.xml:29:13-37
90            <meta-data
90-->[androidx.emoji2:emoji2:1.0.0] AndroidManifest.xml:31:13-33:52
91                android:name="androidx.emoji2.text.EmojiCompatInitializer"
91-->[androidx.emoji2:emoji2:1.0.0] AndroidManifest.xml:32:17-75
92                android:value="androidx.startup" />
92-->[androidx.emoji2:emoji2:1.0.0] AndroidManifest.xml:33:17-49
93            <meta-data
93-->[androidx.lifecycle:lifecycle-process:2.4.0] AndroidManifest.xml:31:13-33:52
94                android:name="androidx.lifecycle.ProcessLifecycleInitializer"
94-->[androidx.lifecycle:lifecycle-process:2.4.0] AndroidManifest.xml:32:17-78
95                android:value="androidx.startup" />
95-->[androidx.lifecycle:lifecycle-process:2.4.0] AndroidManifest.xml:33:17-49
96        </provider>
97
98        <uses-library
98-->[androidx.camera:camera-extensions:1.1.0-beta02] AndroidManifest.xml:31:9-33:40
99            android:name="androidx.camera.extensions.impl"
99-->[androidx.camera:camera-extensions:1.1.0-beta02] AndroidManifest.xml:32:13-59
100            android:required="false" />
100-->[androidx.camera:camera-extensions:1.1.0-beta02] AndroidManifest.xml:33:13-37
101
102        <service
102-->[androidx.camera:camera-camera2:1.1.0-beta02] AndroidManifest.xml:26:9-35:19
103            android:name="androidx.camera.core.impl.MetadataHolderService"
103-->[androidx.camera:camera-camera2:1.1.0-beta02] AndroidManifest.xml:27:13-75
104            android:enabled="false"
104-->[androidx.camera:camera-camera2:1.1.0-beta02] AndroidManifest.xml:28:13-36
105            android:exported="false" >
105-->[androidx.camera:camera-camera2:1.1.0-beta02] AndroidManifest.xml:29:13-37
106            <meta-data
106-->[androidx.camera:camera-camera2:1.1.0-beta02] AndroidManifest.xml:32:13-34:89
107                android:name="androidx.camera.core.impl.MetadataHolderService.DEFAULT_CONFIG_PROVIDER"
107-->[androidx.camera:camera-camera2:1.1.0-beta02] AndroidManifest.xml:33:17-103
108                android:value="androidx.camera.camera2.Camera2Config$DefaultProvider" />
108-->[androidx.camera:camera-camera2:1.1.0-beta02] AndroidManifest.xml:34:17-86
109        </service>
110    </application>
111
112</manifest>